app/build/intermediates/manifest_merge_blame_file/debug/manifest-merger-blame-debug-report.txt
1<?xml version="1.0" encoding="utf-8"?>
2<manifest xmlns:android="http://schemas.android.com/apk/res/android"
3    package="android.wallet.com.wallet"
4    android:versionCode="1"
5    android:versionName="1.0" >
6
7    <uses-sdk
8        android:minSdkVersion="17"
8-->src\main\AndroidManifest.xml
9        android:targetSdkVersion="26" />
9-->src\main\AndroidManifest.xml
10
11    <meta-data
11-->src\main\AndroidManifest.xml:5:5-7:35
12        android:name="com.google.android.gms.vision.DEPENDENCIES"
12-->src\main\AndroidManifest.xml:6:9-66
13        android:value="barcode" />
13-->src\main\AndroidManifest.xml:7:9-32
14
15    <uses-permission android:name="android.permission.INTERNET" />
15-->src\main\AndroidManifest.xml:9:5-67
15-->src\main\AndroidManifest.xml:9:22-64
16    <uses-permission android:name="android.permission.ACCESS_NETWORK_STATE" />
16-->src\main\AndroidManifest.xml:10:5-79
16-->src\main\AndroidManifest.xml:10:22-76
17    <uses-permission android:name="android.permission.WRITE_EXTERNAL_STORAGE" />
17-->src\main\AndroidManifest.xml:11:5-81
17-->src\main\AndroidManifest.xml:11:22-78
18    <uses-permission android:name="android.permission.READ_EXTERNAL_STORAGE" />
18-->src\main\AndroidManifest.xml:12:5-80
18-->src\main\AndroidManifest.xml:12:22-77
19    <uses-permission android:name="android.permission.READ_PHONE_STATE" />
19-->src\main\AndroidManifest.xml:13:5-75
19-->src\main\AndroidManifest.xml:13:22-72
20    <uses-permission android:name="android.permission.CAMERA" />
20-->src\main\AndroidManifest.xml:14:5-65
20-->src\main\AndroidManifest.xml:14:22-62
21
22    <!-- Don't require camera, as this requires a rear camera. This allows it to work on the Nexus 7 -->
23    <uses-feature
23-->[com.journeyapps:zxing-android-embedded:3.2.0] AndroidManifest.xml:24:5-26:36
24        android:name="android.hardware.camera"
24-->[com.journeyapps:zxing-android-embedded:3.2.0] AndroidManifest.xml:25:9-47
25        android:required="false" />
25-->[com.journeyapps:zxing-android-embedded:3.2.0] AndroidManifest.xml:26:9-33
26    <uses-feature
26-->[com.journeyapps:zxing-android-embedded:3.2.0] AndroidManifest.xml:27:5-29:36
27        android:name="android.hardware.camera.front"
27-->[com.journeyapps:zxing-android-embedded:3.2.0] AndroidManifest.xml:28:9-53
28        android:required="false" /> <!-- TODO replace above two with next line after Android 4.2 -->
28-->[com.journeyapps:zxing-android-embedded:3.2.0] AndroidManifest.xml:29:9-33
29    <!-- <uses-feature android:name="android.hardware.camera.any"/> -->
30    <uses-feature
30-->[com.journeyapps:zxing-android-embedded:3.2.0] AndroidManifest.xml:32:5-34:36
31        android:name="android.hardware.camera.autofocus"
31-->[com.journeyapps:zxing-android-embedded:3.2.0] AndroidManifest.xml:33:9-57
32        android:required="false" />
32-->[com.journeyapps:zxing-android-embedded:3.2.0] AndroidManifest.xml:34:9-33
33    <uses-feature
33-->[com.journeyapps:zxing-android-embedded:3.2.0] AndroidManifest.xml:35:5-37:36
34        android:name="android.hardware.camera.flash"
34-->[com.journeyapps:zxing-android-embedded:3.2.0] AndroidManifest.xml:36:9-53
35        android:required="false" />
35-->[com.journeyapps:zxing-android-embedded:3.2.0] AndroidManifest.xml:37:9-33
36    <uses-feature
36-->[com.journeyapps:zxing-android-embedded:3.2.0] AndroidManifest.xml:38:5-40:36
37        android:name="android.hardware.screen.landscape"
37-->[com.journeyapps:zxing-android-embedded:3.2.0] AndroidManifest.xml:39:9-57
38        android:required="false" />
38-->[com.journeyapps:zxing-android-embedded:3.2.0] AndroidManifest.xml:40:9-33
39    <uses-feature
39-->[com.journeyapps:zxing-android-embedded:3.2.0] AndroidManifest.xml:41:5-43:36
40        android:name="android.hardware.wifi"
40-->[com.journeyapps:zxing-android-embedded:3.2.0] AndroidManifest.xml:42:9-45
41        android:required="false" />
41-->[com.journeyapps:zxing-android-embedded:3.2.0] AndroidManifest.xml:43:9-33
42
43    <application
43-->src\main\AndroidManifest.xml:16:5-38:19
44        android:name="android.support.multidex.MultiDexApplication"
45        android:allowBackup="true"
45-->src\main\AndroidManifest.xml:17:9-35
46        android:debuggable="true"
47        android:icon="@drawable/store"
47-->src\main\AndroidManifest.xml:18:9-39
48        android:label="@string/app_name"
48-->src\main\AndroidManifest.xml:19:9-41
49        android:largeHeap="true"
49-->src\main\AndroidManifest.xml:20:9-33
50        android:roundIcon="@mipmap/ic_launcher_round"
50-->src\main\AndroidManifest.xml:21:9-54
51        android:supportsRtl="true"
51-->src\main\AndroidManifest.xml:22:9-35
52        android:testOnly="true"
53        android:theme="@style/AppTheme"
53-->src\main\AndroidManifest.xml:23:9-40
54        android:usesCleartextTraffic="true" >
54-->src\main\AndroidManifest.xml:24:9-44
55        <activity android:name="android.wallet.com.wallet.Payment" />
55-->src\main\AndroidManifest.xml:25:9-54
55-->src\main\AndroidManifest.xml:25:19-42
56        <activity android:name="android.wallet.com.wallet.ProductInfor" />
56-->src\main\AndroidManifest.xml:26:9-50
56-->src\main\AndroidManifest.xml:26:19-47
57        <activity android:name="android.wallet.com.wallet.ProductList" />
57-->src\main\AndroidManifest.xml:27:9-49
57-->src\main\AndroidManifest.xml:27:19-46
58        <activity android:name="android.wallet.com.wallet.CreateWallet" />
58-->src\main\AndroidManifest.xml:28:9-50
58-->src\main\AndroidManifest.xml:28:19-47
59        <activity android:name="android.wallet.com.wallet.MainActivity" >
59-->src\main\AndroidManifest.xml:29:9-35:20
59-->src\main\AndroidManifest.xml:29:19-47
60            <intent-filter>
60-->src\main\AndroidManifest.xml:30:13-34:29
61                <action android:name="android.intent.action.MAIN" />
61-->src\main\AndroidManifest.xml:31:17-69
61-->src\main\AndroidManifest.xml:31:25-66
62
63                <category android:name="android.intent.category.LAUNCHER" />
63-->src\main\AndroidManifest.xml:33:17-77
63-->src\main\AndroidManifest.xml:33:27-74
64            </intent-filter>
65        </activity>
66        <activity android:name="android.wallet.com.wallet.WalletProfile.WalletProfile" />
66-->src\main\AndroidManifest.xml:36:9-65
66-->src\main\AndroidManifest.xml:36:19-62
67        <activity android:name="android.wallet.com.wallet.WalletProfile.SendTransactionActivity" />
67-->src\main\AndroidManifest.xml:37:9-75
67-->src\main\AndroidManifest.xml:37:19-72
68
69        <meta-data
69-->[com.android.support:appcompat-v7:26.1.0] AndroidManifest.xml:26:9-28:38
70            android:name="android.support.VERSION"
70-->[com.android.support:appcompat-v7:26.1.0] AndroidManifest.xml:27:13-51
71            android:value="26.1.0" />
71-->[com.android.support:appcompat-v7:26.1.0] AndroidManifest.xml:28:13-35
72
73        <activity
73-->[com.journeyapps:zxing-android-embedded:3.2.0] AndroidManifest.xml:46:9-52:63
74            android:name="com.journeyapps.barcodescanner.CaptureActivity"
74-->[com.journeyapps:zxing-android-embedded:3.2.0] AndroidManifest.xml:47:13-74
75            android:clearTaskOnLaunch="true"
75-->[com.journeyapps:zxing-android-embedded:3.2.0] AndroidManifest.xml:48:13-45
76            android:screenOrientation="sensorLandscape"
76-->[com.journeyapps:zxing-android-embedded:3.2.0] AndroidManifest.xml:49:13-56
77            android:stateNotNeeded="true"
77-->[com.journeyapps:zxing-android-embedded:3.2.0] AndroidManifest.xml:50:13-42
78            android:theme="@style/zxing_CaptureTheme"
78-->[com.journeyapps:zxing-android-embedded:3.2.0] AndroidManifest.xml:51:13-54
79            android:windowSoftInputMode="stateAlwaysHidden" />
79-->[com.journeyapps:zxing-android-embedded:3.2.0] AndroidManifest.xml:52:13-60
80
81        <meta-data
81-->[android.arch.lifecycle:runtime:1.0.0] AndroidManifest.xml:25:9-27:47
82            android:name="android.arch.lifecycle.VERSION"
82-->[android.arch.lifecycle:runtime:1.0.0] AndroidManifest.xml:26:13-58
83            android:value="27.0.0-SNAPSHOT" />
83-->[android.arch.lifecycle:runtime:1.0.0] AndroidManifest.xml:27:13-44
84    </application>
85
86</manifest>